<?xml version="1.0" encoding="UTF-8"?>
<!-- Generated by org.testng.reporters.JUnitReportReporter -->
<testsuite hostname="LAPTOP-M2KKEDUN" failures="0" tests="1" name="ConditionalStatements.For" time="0.074" errors="0" timestamp="2020-10-04T17:28:59 IST" skipped="0">
  <testcase classname="ConditionalStatements.For" name="ConditionalSatements_For" time="0.074"/>
  <system-out/>
</testsuite> <!-- ConditionalStatements.For -->
