<?xml version="1.0" encoding="UTF-8"?>
<!-- Generated by org.testng.reporters.JUnitReportReporter -->
<testsuite hostname="LAPTOP-M2KKEDUN" failures="0" tests="1" name="Exceptions.CheckedException" time="0.068" errors="0" timestamp="2020-10-04T19:39:32 IST" skipped="0">
  <testcase classname="Exceptions.CheckedException" name="Test_CheckedException" time="0.068"/>
  <system-out/>
</testsuite> <!-- Exceptions.CheckedException -->
