<?xml version="1.0" encoding="UTF-8"?>
<!-- Generated by org.testng.reporters.JUnitReportReporter -->
<testsuite hostname="LAPTOP-M2KKEDUN" failures="0" tests="1" name="Basics.HelloWorld" time="0.014" errors="0" timestamp="2020-10-04T18:30:49 IST" skipped="0">
  <testcase classname="Basics.HelloWorld" name="Print_HelloWorld" time="0.014"/>
  <system-out/>
</testsuite> <!-- Basics.HelloWorld -->
