<?xml version="1.0" encoding="UTF-8"?>
<!-- Generated by org.testng.reporters.JUnitReportReporter -->
<testsuite hostname="LAPTOP-M2KKEDUN" failures="0" tests="9" name="Operators.ArithmaticOperators" time="0.039" errors="0" timestamp="2020-10-04T11:05:08 IST" skipped="0">
  <testcase classname="Operators.ArithmaticOperators" name="ArithmeticOperators_PostDecrement" time="0.003"/>
  <system-out/>
  <testcase classname="Operators.ArithmaticOperators" name="ArithmeticOperators_Modulus" time="0.003"/>
  <system-out/>
  <testcase classname="Operators.ArithmaticOperators" name="ArithmeticOperators_Multiplication" time="0.003"/>
  <system-out/>
  <testcase classname="Operators.ArithmaticOperators" name="ArithmeticOperators_PreDecrement" time="0.002"/>
  <system-out/>
  <testcase classname="Operators.ArithmaticOperators" name="ArithmeticOperators_Addition" time="0.016"/>
  <system-out/>
  <testcase classname="Operators.ArithmaticOperators" name="ArithmeticOperators_PostIncrement" time="0.004"/>
  <system-out/>
  <testcase classname="Operators.ArithmaticOperators" name="ArithmeticOperators_PreIncrement" time="0.004"/>
  <system-out/>
  <testcase classname="Operators.ArithmaticOperators" name="ArithmeticOperators_Substraction" time="0.001"/>
  <system-out/>
  <testcase classname="Operators.ArithmaticOperators" name="ArithmeticOperators_Division" time="0.003"/>
  <system-out/>
</testsuite> <!-- Operators.ArithmaticOperators -->
