<?xml version="1.0" encoding="UTF-8"?>
<!-- Generated by org.testng.reporters.JUnitReportReporter -->
<testsuite hostname="LAPTOP-M2KKEDUN" failures="0" tests="1" name="Collections.ListCollection" time="0.018" errors="0" timestamp="2020-10-04T18:35:10 IST" skipped="0">
  <testcase classname="Collections.ListCollection" name="Test_List" time="0.018"/>
  <system-out/>
</testsuite> <!-- Collections.ListCollection -->
