<?xml version="1.0" encoding="UTF-8"?>
<!-- Generated by org.testng.reporters.JUnitReportReporter -->
<testsuite hostname="LAPTOP-M2KKEDUN" failures="0" tests="1" name="Class.Overloading" time="0.027" errors="0" timestamp="2020-10-04T20:18:25 IST" skipped="0">
  <testcase classname="Class.Overloading" name="Test_Overloading" time="0.027"/>
  <system-out/>
</testsuite> <!-- Class.Overloading -->
