<?xml version="1.0" encoding="UTF-8"?>
<!-- Generated by org.testng.reporters.JUnitReportReporter -->
<testsuite hostname="LAPTOP-M2KKEDUN" failures="0" tests="1" name="Operators.BitwiseOperators" time="0.039" errors="0" timestamp="2020-10-04T16:24:23 IST" skipped="0">
  <testcase classname="Operators.BitwiseOperators" name="BitwiseOperators_ShiftRight" time="0.039"/>
  <system-out/>
</testsuite> <!-- Operators.BitwiseOperators -->
