<?xml version="1.0" encoding="UTF-8"?>
<!-- Generated by org.testng.reporters.JUnitReportReporter -->
<testsuite hostname="LAPTOP-M2KKEDUN" failures="0" tests="6" name="Operators.RelationalOperators" time="0.046" errors="0" timestamp="2020-10-04T16:43:25 IST" skipped="0">
  <testcase classname="Operators.RelationalOperators" name="RelationalOperators_Equal" time="0.019"/>
  <system-out/>
  <testcase classname="Operators.RelationalOperators" name="RelationalOperators_GreaterThan" time="0.005"/>
  <system-out/>
  <testcase classname="Operators.RelationalOperators" name="RelationalOperators_LessThan" time="0.006"/>
  <system-out/>
  <testcase classname="Operators.RelationalOperators" name="RelationalOperators_LessThanOrEqual" time="0.005"/>
  <system-out/>
  <testcase classname="Operators.RelationalOperators" name="RelationalOperators_NotEqual" time="0.006"/>
  <system-out/>
  <testcase classname="Operators.RelationalOperators" name="RelationalOperators_GreaterThanOrEqual" time="0.005"/>
  <system-out/>
</testsuite> <!-- Operators.RelationalOperators -->
