<?xml version="1.0" encoding="UTF-8"?>
<!-- Generated by org.testng.reporters.JUnitReportReporter -->
<testsuite hostname="LAPTOP-M2KKEDUN" failures="0" tests="1" name="Class.Objects" time="0.015" errors="0" timestamp="2020-10-04T20:21:45 IST" skipped="0">
  <testcase classname="Class.Objects" name="Test_Objects" time="0.015"/>
  <system-out/>
</testsuite> <!-- Class.Objects -->
