<?xml version="1.0" encoding="UTF-8"?>
<!-- Generated by org.testng.reporters.JUnitReportReporter -->
<testsuite hostname="LAPTOP-M2KKEDUN" failures="0" tests="1" name="Operators.TernaryOperators" time="0.021" errors="0" timestamp="2020-10-04T16:56:25 IST" skipped="0">
  <testcase classname="Operators.TernaryOperators" name="Test_TernaryOperators" time="0.021"/>
  <system-out/>
</testsuite> <!-- Operators.TernaryOperators -->
