<?xml version="1.0" encoding="UTF-8"?>
<!-- Generated by org.testng.reporters.JUnitReportReporter -->
<testsuite hostname="LAPTOP-M2KKEDUN" failures="0" tests="1" name="Functions" time="0.015" errors="0" timestamp="2020-10-04T20:13:30 IST" skipped="0">
  <testcase classname="Functions" name="Test_Functions" time="0.015"/>
  <system-out/>
</testsuite> <!-- Functions -->
