<?xml version="1.0" encoding="UTF-8"?>
<!-- Generated by org.testng.reporters.JUnitReportReporter -->
<testsuite hostname="LAPTOP-M2KKEDUN" failures="0" tests="1" name="ConditionalStatements.DoWhile" time="0.060" errors="0" timestamp="2020-10-04T17:41:19 IST" skipped="0">
  <testcase classname="ConditionalStatements.DoWhile" name="ConditionalSatements_DoWhile" time="0.060"/>
  <system-out/>
</testsuite> <!-- ConditionalStatements.DoWhile -->
