<?xml version="1.0" encoding="UTF-8"?>
<!-- Generated by org.testng.reporters.JUnitReportReporter -->
<testsuite hostname="LAPTOP-M2KKEDUN" failures="0" tests="1" name="Operators.LogicalOperators" time="0.027" errors="0" timestamp="2020-10-04T16:36:24 IST" skipped="0">
  <testcase classname="Operators.LogicalOperators" name="LogicalOperators_Not" time="0.027"/>
  <system-out/>
</testsuite> <!-- Operators.LogicalOperators -->
