<?xml version="1.0" encoding="UTF-8"?>
<!-- Generated by org.testng.reporters.JUnitReportReporter -->
<testsuite hostname="LAPTOP-M2KKEDUN" failures="0" tests="1" name="ConditionalStatements.While" time="0.075" errors="0" timestamp="2020-10-04T17:37:54 IST" skipped="0">
  <testcase classname="ConditionalStatements.While" name="ConditionalSatements_While" time="0.075"/>
  <system-out/>
</testsuite> <!-- ConditionalStatements.While -->
