<?xml version="1.0" encoding="UTF-8"?>
<!-- Generated by org.testng.reporters.JUnitReportReporter -->
<testsuite hostname="LAPTOP-M2KKEDUN" failures="0" tests="2" name="ConditionalStatements.IfElse" time="0.037" errors="0" timestamp="2020-10-04T17:06:17 IST" skipped="0">
  <testcase classname="ConditionalStatements.IfElse" name="ConditionalStatements_NestedIf" time="0.003"/>
  <system-out/>
  <testcase classname="ConditionalStatements.IfElse" name="ConditionalStatement_If" time="0.034"/>
  <system-out/>
</testsuite> <!-- ConditionalStatements.IfElse -->
