<?xml version="1.0" encoding="UTF-8"?>
<!-- Generated by org.testng.reporters.JUnitReportReporter -->
<testsuite hostname="LAPTOP-M2KKEDUN" failures="0" tests="1" name="Collections.HashSetCollection" time="0.058" errors="0" timestamp="2020-10-04T18:24:39 IST" skipped="0">
  <testcase classname="Collections.HashSetCollection" name="Test_HashSet" time="0.058"/>
  <system-out/>
</testsuite> <!-- Collections.HashSetCollection -->
