<?xml version="1.0" encoding="UTF-8"?>
<!-- Generated by org.testng.reporters.JUnitReportReporter -->
<testsuite hostname="LAPTOP-M2KKEDUN" failures="0" tests="1" name="Collections.HashMapCollection" time="0.044" errors="0" timestamp="2020-10-04T18:38:25 IST" skipped="0">
  <testcase classname="Collections.HashMapCollection" name="Test_HasMap" time="0.044"/>
  <system-out/>
</testsuite> <!-- Collections.HashMapCollection -->
