<?xml version="1.0" encoding="UTF-8"?>
<!-- Generated by org.testng.reporters.JUnitReportReporter -->
<testsuite hostname="LAPTOP-M2KKEDUN" failures="0" tests="6" name="Operators.AssignmentOperators" time="0.034" errors="0" timestamp="2020-10-04T11:51:02 IST" skipped="0">
  <testcase classname="Operators.AssignmentOperators" name="AssignmentOperators_AddAssignemnt" time="0.018"/>
  <system-out/>
  <testcase classname="Operators.AssignmentOperators" name="AssignmentOperators_Assignemnt" time="0.003"/>
  <system-out/>
  <testcase classname="Operators.AssignmentOperators" name="AssignmentOperators_ModulusAssignemnt" time="0.004"/>
  <system-out/>
  <testcase classname="Operators.AssignmentOperators" name="AssignmentOperators_MultiplyAssignemnt" time="0.003"/>
  <system-out/>
  <testcase classname="Operators.AssignmentOperators" name="AssignmentOperators_SubstractAssignemnt" time="0.003"/>
  <system-out/>
  <testcase classname="Operators.AssignmentOperators" name="AssignmentOperators_DivisionAssignemnt" time="0.003"/>
  <system-out/>
</testsuite> <!-- Operators.AssignmentOperators -->
