<?xml version="1.0" encoding="UTF-8"?>
<!-- Generated by org.testng.reporters.JUnitReportReporter -->
<testsuite hostname="LAPTOP-M2KKEDUN" failures="0" tests="1" name="Types.TypeCast" time="0.017" errors="0" timestamp="2020-10-04T19:10:36 IST" skipped="0">
  <testcase classname="Types.TypeCast" name="Test_TypeCast" time="0.017"/>
  <system-out/>
</testsuite> <!-- Types.TypeCast -->
