<?xml version="1.0" encoding="UTF-8"?>
<!-- Generated by org.testng.reporters.JUnitReportReporter -->
<testsuite hostname="LAPTOP-M2KKEDUN" failures="0" tests="1" name="ConditionalStatements.Switch" time="0.090" errors="0" timestamp="2020-10-04T17:23:53 IST" skipped="0">
  <testcase classname="ConditionalStatements.Switch" name="ConditionalSatements_Switch" time="0.090"/>
  <system-out/>
</testsuite> <!-- ConditionalStatements.Switch -->
