<?xml version="1.0" encoding="UTF-8"?>
<!-- Generated by org.testng.reporters.JUnitReportReporter -->
<testsuite hostname="LAPTOP-M2KKEDUN" failures="0" tests="1" name="ConditionalStatements.ForEach" time="0.089" errors="0" timestamp="2020-10-04T17:33:42 IST" skipped="0">
  <testcase classname="ConditionalStatements.ForEach" name="ConditionalSatements_Foreach" time="0.089"/>
  <system-out/>
</testsuite> <!-- ConditionalStatements.ForEach -->
