<?xml version="1.0" encoding="UTF-8"?>
<!-- Generated by org.testng.reporters.JUnitReportReporter -->
<testsuite hostname="LAPTOP-M2KKEDUN" failures="0" tests="1" name="Operators.OperatorPrecedence" time="0.016" errors="0" timestamp="2020-10-04T16:48:21 IST" skipped="0">
  <testcase classname="Operators.OperatorPrecedence" name="OperatorsPrecedence" time="0.016"/>
  <system-out/>
</testsuite> <!-- Operators.OperatorPrecedence -->
