<?xml version="1.0" encoding="UTF-8"?>
<!-- Generated by org.testng.reporters.JUnitReportReporter -->
<testsuite hostname="LAPTOP-M2KKEDUN" failures="0" tests="4" name="Collections.ArrayCollection" time="0.052" errors="0" timestamp="2020-10-04T18:15:12 IST" skipped="0">
  <testcase classname="Collections.ArrayCollection" name="Arrays_Multidimensional" time="0.002"/>
  <system-out/>
  <testcase classname="Collections.ArrayCollection" name="Arrays_DeclareAndInitialize" time="0.017"/>
  <system-out/>
  <testcase classname="Collections.ArrayCollection" name="Arrays_SortArrayValues" time="0.032"/>
  <system-out/>
  <testcase classname="Collections.ArrayCollection" name="Arrays_UpdateArrayValues" time="0.001"/>
  <system-out/>
</testsuite> <!-- Collections.ArrayCollection -->
